[    0.000000] Linux version 4.15.0-212-generic (buildd@lcy02-amd64-083) (gcc version 7.5.0 (Ubuntu 7.5.0-3ubuntu1~18.04)) #223-Ubuntu SMP Tue May 23 13:09:22 UTC 2023 (Ubuntu 4.15.0-212.223-generic 4.15.18)
[    0.000000] Command line: BOOT_IMAGE=/boot/vmlinuz-4.15.0-212-generic root=LABEL=cloudimg-rootfs ro console=tty1 console=ttyS0
[    0.000000] KERNEL supported cpus:
[    0.000000]   Intel GenuineIntel
[    0.000000]   AMD AuthenticAMD
[    0.000000]   Centaur CentaurHauls
[    0.000000] [Firmware Bug]: TSC doesn't count with P0 frequency!
[    0.000000] x86/fpu: x87 FPU will use FXSAVE
[    0.000000] e820: BIOS-provided physical RAM map:
[    0.000000] BIOS-e820: [mem 0x0000000000000000-0x000000000009fbff] usable
[    0.000000] BIOS-e820: [mem 0x000000000009fc00-0x000000000009ffff] reserved
[    0.000000] BIOS-e820: [mem 0x00000000000f0000-0x00000000000fffff] reserved
[    0.000000] BIOS-e820: [mem 0x0000000000100000-0x000000007ffeffff] usable
[    0.000000] BIOS-e820: [mem 0x000000007fff0000-0x000000007fffffff] ACPI data
[    0.000000] BIOS-e820: [mem 0x00000000fec00000-0x00000000fec00fff] reserved
[    0.000000] BIOS-e820: [mem 0x00000000fee00000-0x00000000fee00fff] reserved
[    0.000000] BIOS-e820: [mem 0x00000000fffc0000-0x00000000ffffffff] reserved
[    0.000000] NX (Execute Disable) protection: active
[    0.000000] SMBIOS 2.5 present.
[    0.000000] DMI: innotek GmbH VirtualBox/VirtualBox, BIOS VirtualBox 12/01/2006
[    0.000000] Hypervisor detected: KVM
[    0.000000] e820: last_pfn = 0x7fff0 max_arch_pfn = 0x400000000
[    0.000000] MTRR: Disabled
[    0.000000] x86/PAT: MTRRs disabled, skipping PAT initialization too.
[    0.000000] CPU MTRRs all blank - virtualized system.
[    0.000000] x86/PAT: Configuration [0-7]: WB  WT  UC- UC  WB  WT  UC- UC  
[    0.000000] found SMP MP-table at [mem 0x0009fff0-0x0009ffff]
[    0.000000] Scanning 1 areas for low memory corruption
[    0.000000] RAMDISK: [mem 0x359cb000-0x36cdcfff]
[    0.000000] ACPI: Early table checksum verification disabled
[    0.000000] ACPI: RSDP 0x00000000000E0000 000024 (v02 VBOX  )
[    0.000000] ACPI: XSDT 0x000000007FFF0030 00003C (v01 VBOX   VBOXXSDT 00000001 ASL  00000061)
[    0.000000] ACPI: FACP 0x000000007FFF00F0 0000F4 (v04 VBOX   VBOXFACP 00000001 ASL  00000061)
[    0.000000] ACPI: DSDT 0x000000007FFF0610 002353 (v02 VBOX   VBOXBIOS 00000002 INTL 20100528)
[    0.000000] ACPI: FACS 0x000000007FFF0200 000040
[    0.000000] ACPI: FACS 0x000000007FFF0200 000040
[    0.000000] ACPI: APIC 0x000000007FFF0240 00005C (v02 VBOX   VBOXAPIC 00000001 ASL  00000061)
[    0.000000] ACPI: SSDT 0x000000007FFF02A0 00036C (v01 VBOX   VBOXCPUT 00000002 INTL 20100528)
[    0.000000] ACPI: Reserving FACP table memory at [mem 0x7fff00f0-0x7fff01e3]
[    0.000000] ACPI: Reserving DSDT table memory at [mem 0x7fff0610-0x7fff2962]
[    0.000000] ACPI: Reserving FACS table memory at [mem 0x7fff0200-0x7fff023f]
[    0.000000] ACPI: Reserving FACS table memory at [mem 0x7fff0200-0x7fff023f]
[    0.000000] ACPI: Reserving APIC table memory at [mem 0x7fff0240-0x7fff029b]
[    0.000000] ACPI: Reserving SSDT table memory at [mem 0x7fff02a0-0x7fff060b]
[    0.000000] No NUMA configuration found
[    0.000000] Faking a node at [mem 0x0000000000000000-0x000000007ffeffff]
[    0.000000] NODE_DATA(0) allocated [mem 0x7ffc5000-0x7ffeffff]
[    0.000000] kvm-clock: cpu 0, msr 0:7ff44001, primary cpu clock
[    0.000000] kvm-clock: Using msrs 4b564d01 and 4b564d00
[    0.000000] kvm-clock: using sched offset of 3536319998 cycles
[    0.000000] clocksource: kvm-clock: mask: 0xffffffffffffffff max_cycles: 0x1cd42e4dffb, max_idle_ns: 881590591483 ns
[    0.000000] Zone ranges:
[    0.000000]   DMA      [mem 0x0000000000001000-0x0000000000ffffff]
[    0.000000]   DMA32    [mem 0x0000000001000000-0x000000007ffeffff]
[    0.000000]   Normal   empty
[    0.000000]   Device   empty
[    0.000000] Movable zone start for each node
[    0.000000] Early memory node ranges
[    0.000000]   node   0: [mem 0x0000000000001000-0x000000000009efff]
[    0.000000]   node   0: [mem 0x0000000000100000-0x000000007ffeffff]
[    0.000000] Reserved but unavailable: 104 pages
[    0.000000] Initmem setup node 0 [mem 0x0000000000001000-0x000000007ffeffff]
[    0.000000] ACPI: PM-Timer IO Port: 0x4008
[    0.000000] IOAPIC[0]: apic_id 2, version 32, address 0xfec00000, GSI 0-23
[    0.000000] ACPI: INT_SRC_OVR (bus 0 bus_irq 0 global_irq 2 dfl dfl)
[    0.000000] ACPI: INT_SRC_OVR (bus 0 bus_irq 9 global_irq 9 low level)
[    0.000000] Using ACPI (MADT) for SMP configuration information
[    0.000000] smpboot: Allowing 2 CPUs, 0 hotplug CPUs
[    0.000000] PM: Registered nosave memory: [mem 0x00000000-0x00000fff]
[    0.000000] PM: Registered nosave memory: [mem 0x0009f000-0x0009ffff]
[    0.000000] PM: Registered nosave memory: [mem 0x000a0000-0x000effff]
[    0.000000] PM: Registered nosave memory: [mem 0x000f0000-0x000fffff]
[    0.000000] e820: [mem 0x80000000-0xfebfffff] available for PCI devices
[    0.000000] Booting paravirtualized kernel on KVM
[    0.000000] clocksource: refined-jiffies: mask: 0xffffffff max_cycles: 0xffffffff, max_idle_ns: 7645519600211568 ns
[    0.000000] setup_percpu: NR_CPUS:8192 nr_cpumask_bits:2 nr_cpu_ids:2 nr_node_ids:1
[    0.000000] percpu: Embedded 50 pages/cpu s167936 r8192 d28672 u1048576
[    0.000000] PV qspinlock hash table entries: 256 (order: 0, 4096 bytes)
[    0.000000] Built 1 zonelists, mobility grouping on.  Total pages: 515961
[    0.000000] Policy zone: DMA32
[    0.000000] Kernel command line: BOOT_IMAGE=/boot/vmlinuz-4.15.0-212-generic root=LABEL=cloudimg-rootfs ro console=tty1 console=ttyS0
[    0.000000] Memory: 2014836K/2096696K available (12300K kernel code, 2477K rwdata, 4324K rodata, 2480K init, 2720K bss, 81860K reserved, 0K cma-reserved)
[    0.000000] SLUB: HWalign=64, Order=0-3, MinObjects=0, CPUs=2, Nodes=1
[    0.000000] ftrace: allocating 39508 entries in 155 pages
[    0.004000] Hierarchical RCU implementation.
[    0.004000] 	RCU restricting CPUs from NR_CPUS=8192 to nr_cpu_ids=2.
[    0.004000] 	Tasks RCU enabled.
[    0.004000] RCU: Adjusting geometry for rcu_fanout_leaf=16, nr_cpu_ids=2
[    0.004000] NR_IRQS: 524544, nr_irqs: 440, preallocated irqs: 16
[    0.004000] random: crng init done
[    0.004000] Console: colour VGA+ 80x25
[    0.004000] console [tty1] enabled
[    0.004000] console [ttyS0] enabled
[    0.004000] ACPI: Core revision 20170831
[    0.004000] ACPI: 2 ACPI AML tables successfully acquired and loaded
[    0.004000] APIC: Switch to symmetric I/O mode setup
[    0.004000] ..TIMER: vector=0x30 apic1=0 pin1=2 apic2=-1 pin2=-1
[    0.004005] tsc: Detected 3792.734 MHz processor
[    0.006108] Calibrating delay loop (skipped) preset value.. 7585.46 BogoMIPS (lpj=15170936)
[    0.008005] pid_max: default: 32768 minimum: 301
[    0.012048] Security Framework initialized
[    0.013668] Yama: becoming mindful.
[    0.016060] AppArmor: AppArmor initialized
[    0.022058] Dentry cache hash table entries: 262144 (order: 9, 2097152 bytes)
[    0.025620] Inode-cache hash table entries: 131072 (order: 8, 1048576 bytes)
[    0.028066] Mount-cache hash table entries: 4096 (order: 3, 32768 bytes)
[    0.032054] Mountpoint-cache hash table entries: 4096 (order: 3, 32768 bytes)
[    0.036115] Last level iTLB entries: 4KB 512, 2MB 512, 4MB 256
[    0.038321] Last level dTLB entries: 4KB 2048, 2MB 2048, 4MB 1024, 1GB 0
[    0.040000] Spectre V1 : Mitigation: usercopy/swapgs barriers and __user pointer sanitization
[    0.040003] Spectre V2 : Mitigation: Retpolines
[    0.044002] Spectre V2 : Spectre v2 / SpectreRSB mitigation: Filling RSB on context switch
[    0.048001] Spectre V2 : Spectre v2 / SpectreRSB : Filling RSB on VMEXIT
[    0.050667] Freeing SMP alternatives memory: 36K
[    0.163273] smpboot: CPU0: AMD Ryzen 7 5700G with Radeon Graphics (family: 0x19, model: 0x50, stepping: 0x0)
[    0.164000] Performance Events: PMU not available due to virtualization, using software events only.
[    0.164000] Hierarchical SRCU implementation.
[    0.164000] NMI watchdog: Perf event create on CPU 0 failed with -2
[    0.164000] NMI watchdog: Perf NMI watchdog permanently disabled
[    0.164164] smp: Bringing up secondary CPUs ...
[    0.166725] x86: Booting SMP configuration:
[    0.168002] .... node  #0, CPUs:      #1
[    0.004000] kvm-clock: cpu 1, msr 0:7ff44041, secondary cpu clock
[    0.175794] TSC synchronization [CPU#0 -> CPU#1]:
[    0.176000] Measured 67964 cycles TSC warp between CPUs, turning off TSC clock.
[    0.176000] tsc: Marking TSC unstable due to check_tsc_sync_source failed
[    0.180156] smp: Brought up 1 node, 2 CPUs
[    0.181857] smpboot: Max logical packages: 1
[    0.184005] smpboot: Total of 2 processors activated (15170.93 BogoMIPS)
[    0.188055] devtmpfs: initialized
[    0.190029] x86/mm: Memory block size: 128MB
[    0.192396] evm: security.selinux
[    0.193827] evm: security.SMACK64
[    0.196002] evm: security.SMACK64EXEC
[    0.197534] evm: security.SMACK64TRANSMUTE
[    0.200002] evm: security.SMACK64MMAP
[    0.201768] evm: security.apparmor
[    0.204002] evm: security.ima
[    0.205366] evm: security.capability
[    0.208235] clocksource: jiffies: mask: 0xffffffff max_cycles: 0xffffffff, max_idle_ns: 7645041785100000 ns
[    0.216010] futex hash table entries: 512 (order: 3, 32768 bytes)
[    0.218607] pinctrl core: initialized pinctrl subsystem
[    0.224002] RTC time:  1:38:10, date: 07/31/23
[    0.226340] NET: Registered protocol family 16
[    0.228083] audit: initializing netlink subsys (disabled)
[    0.232161] audit: type=2000 audit(1690767494.863:1): state=initialized audit_enabled=0 res=1
[    0.236055] cpuidle: using governor ladder
[    0.240096] cpuidle: using governor menu
[    0.244404] ACPI: bus type PCI registered
[    0.245764] acpiphp: ACPI Hot Plug PCI Controller Driver version: 0.5
[    0.248251] PCI: Using configuration type 1 for base access
[    0.250338] PCI: Using configuration type 1 for extended access
[    0.252938] HugeTLB registered 2.00 MiB page size, pre-allocated 0 pages
[    0.260321] ACPI: Added _OSI(Module Device)
[    0.261778] ACPI: Added _OSI(Processor Device)
[    0.264008] ACPI: Added _OSI(3.0 _SCP Extensions)
[    0.265852] ACPI: Added _OSI(Processor Aggregator Device)
[    0.268079] ACPI: Added _OSI(Linux-Dell-Video)
[    0.269830] ACPI: Added _OSI(Linux-Lenovo-NV-HDMI-Audio)
[    0.271769] ACPI: Added _OSI(Linux-HPI-Hybrid-Graphics)
[    0.272460] ACPI: Executed 1 blocks of module-level executable AML code
[    0.278375] ACPI: Interpreter enabled
[    0.279981] ACPI: (supports S0 S5)
[    0.280003] ACPI: Using IOAPIC for interrupt routing
[    0.282551] PCI: Using host bridge windows from ACPI; if necessary, use "pci=nocrs" and report a bug
[    0.284129] ACPI: Enabled 2 GPEs in block 00 to 07
[    0.291740] ACPI: PCI Root Bridge [PCI0] (domain 0000 [bus 00-ff])
[    0.292006] acpi PNP0A03:00: _OSC: OS supports [ExtendedConfig ASPM ClockPM Segments MSI]
[    0.296235] acpi PNP0A03:00: _OSC: platform does not support [PCIeCapability]
[    0.299226] acpi PNP0A03:00: _OSC: not requesting control; platform does not support [PCIeCapability]
[    0.300003] acpi PNP0A03:00: _OSC: OS requested [PCIeHotplug PME AER PCIeCapability]
[    0.304002] acpi PNP0A03:00: _OSC: platform willing to grant [PCIeHotplug PME AER]
[    0.306890] acpi PNP0A03:00: _OSC failed (AE_SUPPORT); disabling ASPM
[    0.308370] PCI host bridge to bus 0000:00
[    0.310323] pci_bus 0000:00: root bus resource [io  0x0000-0x0cf7 window]
[    0.312003] pci_bus 0000:00: root bus resource [io  0x0d00-0xffff window]
[    0.314506] pci_bus 0000:00: root bus resource [mem 0x000a0000-0x000bffff window]
[    0.316003] pci_bus 0000:00: root bus resource [mem 0x80000000-0xfdffffff window]
[    0.320008] pci_bus 0000:00: root bus resource [bus 00-ff]
[    0.325771] pci 0000:00:01.1: legacy IDE quirk: reg 0x10: [io  0x01f0-0x01f7]
[    0.328000] pci 0000:00:01.1: legacy IDE quirk: reg 0x14: [io  0x03f6]
[    0.328003] pci 0000:00:01.1: legacy IDE quirk: reg 0x18: [io  0x0170-0x0177]
[    0.332003] pci 0000:00:01.1: legacy IDE quirk: reg 0x1c: [io  0x0376]
[    0.344597] pci 0000:00:07.0: quirk: [io  0x4000-0x403f] claimed by PIIX4 ACPI
[    0.347589] pci 0000:00:07.0: quirk: [io  0x4100-0x410f] claimed by PIIX4 SMB
[    0.355819] ACPI: PCI Interrupt Link [LNKA] (IRQs 5 9 10 *11)
[    0.356288] ACPI: PCI Interrupt Link [LNKB] (IRQs 5 9 *10 11)
[    0.358634] ACPI: PCI Interrupt Link [LNKC] (IRQs 5 *9 10 11)
[    0.360106] ACPI: PCI Interrupt Link [LNKD] (IRQs 5 9 10 *11)
[    0.362625] SCSI subsystem initialized
[    0.364133] pci 0000:00:02.0: vgaarb: setting as boot VGA device
[    0.366373] pci 0000:00:02.0: vgaarb: VGA device added: decodes=io+mem,owns=io+mem,locks=none
[    0.368008] pci 0000:00:02.0: vgaarb: bridge control possible
[    0.372002] vgaarb: loaded
[    0.373172] ACPI: bus type USB registered
[    0.374739] usbcore: registered new interface driver usbfs
[    0.376017] usbcore: registered new interface driver hub
[    0.378051] usbcore: registered new device driver usb
[    0.380123] EDAC MC: Ver: 3.0.0
[    0.381788] PCI: Using ACPI for IRQ routing
[    0.384386] NetLabel: Initializing
[    0.388002] NetLabel:  domain hash size = 128
[    0.389835] NetLabel:  protocols = UNLABELED CIPSOv4 CALIPSO
[    0.392031] NetLabel:  unlabeled traffic allowed by default
[    0.396177] clocksource: Switched to clocksource kvm-clock
[    0.402414] VFS: Disk quotas dquot_6.6.0
[    0.402414] VFS: Dquot-cache hash table entries: 512 (order 0, 4096 bytes)
[    0.402414] AppArmor: AppArmor Filesystem Enabled
[    0.402414] pnp: PnP ACPI init
[    0.402414] pnp: PnP ACPI: found 3 devices
[    0.450893] clocksource: acpi_pm: mask: 0xffffff max_cycles: 0xffffff, max_idle_ns: 2085701024 ns
[    0.452424] NET: Registered protocol family 2
[    0.452424] IP idents hash table entries: 32768 (order: 6, 262144 bytes)
[    0.459170] TCP established hash table entries: 16384 (order: 5, 131072 bytes)
[    0.462134] TCP bind hash table entries: 16384 (order: 6, 262144 bytes)
[    0.464998] TCP: Hash tables configured (established 16384 bind 16384)
[    0.465911] UDP hash table entries: 1024 (order: 3, 32768 bytes)
[    0.465911] UDP-Lite hash table entries: 1024 (order: 3, 32768 bytes)
[    0.465911] NET: Registered protocol family 1
[    0.465911] pci 0000:00:00.0: Limiting direct PCI/PCI transfers
[    0.465911] pci 0000:00:01.0: Activating ISA DMA hang workarounds
[    0.465911] pci 0000:00:02.0: Video device with shadowed ROM at [mem 0x000c0000-0x000dffff]
[    0.465911] Unpacking initramfs...
[    0.465911] Freeing initrd memory: 19528K
[    0.465911] clocksource: tsc: mask: 0xffffffffffffffff max_cycles: 0x6d570f09313, max_idle_ns: 881590710893 ns
[    0.465911] platform rtc_cmos: registered platform RTC device (no PNP device found)
[    0.465911] Scanning for low memory corruption every 60 seconds
[    0.734417] Initialise system trusted keyrings
[    0.736606] Key type blacklist registered
[    0.738636] workingset: timestamp_bits=36 max_order=19 bucket_order=0
[    0.742441] zbud: loaded
[    0.744408] squashfs: version 4.0 (2009/01/31) Phillip Lougher
[    0.747196] fuse init (API version 7.26)
[    0.768556] Key type asymmetric registered
[    0.770272] Asymmetric key parser 'x509' registered
[    0.772325] Block layer SCSI generic (bsg) driver version 0.4 loaded (major 246)
[    0.775600] io scheduler noop registered
[    0.777435] io scheduler deadline registered
[    0.779240] io scheduler cfq registered (default)
[    0.781728] ACPI: AC Adapter [AC] (on-line)
[    0.783467] input: Power Button as /devices/LNXSYSTM:00/LNXPWRBN:00/input/input0
[    0.786851] ACPI: Power Button [PWRF]
[    0.788566] input: Sleep Button as /devices/LNXSYSTM:00/LNXSLPBN:00/input/input1
[    0.791358] ACPI: Sleep Button [SLPF]
[    0.793743] Serial: 8250/16550 driver, 32 ports, IRQ sharing enabled
[    0.819270] 00:02: ttyS0 at I/O 0x3f8 (irq = 4, base_baud = 115200) is a 16550A
[    0.829824] Linux agpgart interface v0.103
[    0.835308] loop: module loaded
[    0.837994] scsi host0: ata_piix
[    0.839841] scsi host1: ata_piix
[    0.841452] ata1: PATA max UDMA/33 cmd 0x1f0 ctl 0x3f6 bmdma 0xd000 irq 14
[    0.843951] ata2: PATA max UDMA/33 cmd 0x170 ctl 0x376 bmdma 0xd008 irq 15
[    0.846636] tun: Universal TUN/TAP device driver, 1.6
[    0.848895] PPP generic driver version 2.4.2
[    0.850646] ehci_hcd: USB 2.0 'Enhanced' Host Controller (EHCI) Driver
[    0.853366] ehci-pci: EHCI PCI platform driver
[    0.855034] ehci-platform: EHCI generic platform driver
[    0.857055] ohci_hcd: USB 1.1 'Open' Host Controller (OHCI) Driver
[    0.859409] ohci-pci: OHCI PCI platform driver
[    0.861144] ohci-platform: OHCI generic platform driver
[    0.863048] uhci_hcd: USB Universal Host Controller Interface driver
[    0.865422] i8042: PNP: PS/2 Controller [PNP0303:PS2K,PNP0f03:PS2M] at 0x60,0x64 irq 1,12
[    0.870203] serio: i8042 KBD port at 0x60,0x64 irq 1
[    0.872072] serio: i8042 AUX port at 0x60,0x64 irq 12
[    0.874320] mousedev: PS/2 mouse device common for all mice
[    0.878135] rtc_cmos rtc_cmos: rtc core: registered rtc_cmos as rtc0
[    0.880879] input: AT Translated Set 2 keyboard as /devices/platform/i8042/serio0/input/input2
[    0.884708] rtc_cmos rtc_cmos: alarms up to one day, 114 bytes nvram
[    0.887276] i2c /dev entries driver
[    0.888757] device-mapper: uevent: version 1.0.3
[    0.890719] device-mapper: ioctl: 4.37.0-ioctl (2017-09-20) initialised: dm-devel@redhat.com
[    0.893999] ledtrig-cpu: registered to indicate activity on CPUs
[    0.897398] NET: Registered protocol family 10
[    0.904721] Segment Routing with IPv6
[    0.906262] NET: Registered protocol family 17
[    0.908282] Key type dns_resolver registered
[    0.910451] mce: Using 0 MCE banks
[    0.911781] RAS: Correctable Errors collector initialized.
[    0.913954] sched_clock: Marking stable (913892656, 0)->(1243118960, -329226304)
[    0.918683] registered taskstats version 1
[    0.920517] Loading compiled-in X.509 certificates
[    0.924985] Loaded X.509 cert 'Build time autogenerated kernel key: b5b26778eaa3ab3a4a6cee031137706e947d12ad'
[    0.929093] Loaded X.509 cert 'Canonical Ltd. Live Patch Signing: 14df34d1a87cf37625abec039ef2bf521249b969'
[    0.933002] Loaded X.509 cert 'Canonical Ltd. Kernel Module Signing: 88f752e560a1e0737e31163a466ad7b70a850c19'
[    0.937068] blacklist: Loading compiled-in revocation X.509 certificates
[    0.939611] Loaded X.509 cert 'Canonical Ltd. Secure Boot Signing: 61482aa2830d0ab2ad5af10b7250da9033ddcef0'
[    0.943328] Loaded X.509 cert 'Canonical Ltd. Secure Boot Signing (2017): 242ade75ac4a15e50d50c84b0d45ff3eae707a03'
[    0.947171] Loaded X.509 cert 'Canonical Ltd. Secure Boot Signing (ESM 2018): 365188c1d374d6b07c3c8f240f8ef722433d6a8b'
[    0.951113] Loaded X.509 cert 'Canonical Ltd. Secure Boot Signing (2019): c0746fd6c5da3ae827864651ad66ae47fe24b3e8'
[    0.955490] Loaded X.509 cert 'Canonical Ltd. Secure Boot Signing (2021 v1): a8d54bbb3825cfb94fa13c9f8a594a195c107b8d'
[    0.959691] Loaded X.509 cert 'Canonical Ltd. Secure Boot Signing (2021 v2): 4cf046892d6fd3c9a5b03f98d845f90851dc6a8c'
[    0.963739] Loaded X.509 cert 'Canonical Ltd. Secure Boot Signing (2021 v3): 100437bb6de6e469b581e61cd66bce3ef4ed53af'
[    0.967735] Loaded X.509 cert 'Canonical Ltd. Secure Boot Signing (Ubuntu Core 2019): c1d57b8f6b743f23ee41f4f7ee292f06eecadfb9'
[    0.972449] zswap: loaded using pool lzo/zbud
[    0.979250] Key type big_key registered
[    0.980998] Key type trusted registered
[    0.984791] Key type encrypted registered
[    0.986435] AppArmor: AppArmor sha1 policy hashing enabled
[    0.988527] ima: No TPM chip found, activating TPM-bypass! (rc=-19)
[    0.990865] ima: Allocated hash algorithm: sha1
[    0.992717] evm: HMAC attrs: 0x1
[    0.994474]   Magic number: 15:21:611
[    0.996211] rtc_cmos rtc_cmos: setting system clock to 2023-07-31 01:38:10 UTC (1690767490)
[    0.999698] BIOS EDD facility v0.16 2004-Jun-25, 0 devices found
[    1.002543] EDD information not available.
[    1.041205] Freeing unused kernel image memory: 2480K
[    1.076090] Write protecting the kernel read-only data: 20480k
[    1.079494] Freeing unused kernel image memory: 2008K
[    1.082047] Freeing unused kernel image memory: 1820K
[    1.087311] x86/mm: Checked W+X mappings: passed, no W+X pages found.
Loading, please wait...
starting version 237
[    1.146364] e1000: Intel(R) PRO/1000 Network Driver - version 7.3.21-k8-NAPI
[    1.149176] e1000: Copyright (c) 1999-2006 Intel Corporation.
[    1.161629] Fusion MPT base driver 3.04.20
[    1.163399] Copyright (c) 1999-2008 LSI Corporation
[    1.170042] Fusion MPT SPI Host driver 3.04.20
[    1.179717] SSE version of gcm_enc/dec engaged.
[    1.378684] input: ImExPS/2 Generic Explorer Mouse as /devices/platform/i8042/serio1/input/input4
[    1.640917] e1000 0000:00:03.0 eth0: (PCI:33MHz:32-bit) 02:3b:7b:b7:3b:2d
[    1.643569] e1000 0000:00:03.0 eth0: Intel(R) PRO/1000 Network Connection
[    1.647329] mptbase: ioc0: Initiating bringup
[    1.757182] ioc0: LSI53C1030 A0: Capabilities={Initiator}
[    2.005133] scsi host2: ioc0: LSI53C1030 A0, FwRev=00000000h, Ports=1, MaxQ=256, IRQ=20
[    2.177387] scsi 2:0:0:0: Direct-Access     VBOX     HARDDISK         1.0  PQ: 0 ANSI: 5
[    2.212581] scsi target2:0:0: Beginning Domain Validation
[    2.219102] scsi target2:0:0: Domain Validation skipping write tests
[    2.221841] scsi target2:0:0: Ending Domain Validation
[    2.224113] scsi target2:0:0: asynchronous
[    2.227405] scsi 2:0:1:0: Direct-Access     VBOX     HARDDISK         1.0  PQ: 0 ANSI: 5
[    2.588039] scsi target2:0:1: Beginning Domain Validation
[    2.593731] scsi target2:0:1: Domain Validation skipping write tests
[    2.596055] scsi target2:0:1: Ending Domain Validation
[    2.598337] scsi target2:0:1: asynchronous
[    2.606452] sd 2:0:0:0: Attached scsi generic sg0 type 0
[    2.608714] sd 2:0:0:0: [sda] 83886080 512-byte logical blocks: (42.9 GB/40.0 GiB)
[    2.608774] sd 2:0:1:0: Attached scsi generic sg1 type 0
[    2.613958] sd 2:0:0:0: [sda] Write Protect is off
[    2.614273] sd 2:0:1:0: [sdb] 20480 512-byte logical blocks: (10.5 MB/10.0 MiB)
[    2.619289] sd 2:0:1:0: [sdb] Write Protect is off
[    2.621665] sd 2:0:1:0: [sdb] Incomplete mode parameter data
[    2.623764] sd 2:0:1:0: [sdb] Assuming drive cache: write through
[    2.630460] sd 2:0:1:0: [sdb] Attached SCSI disk
[    2.633983] sd 2:0:0:0: [sda] Incomplete mode parameter data
[    2.636410] sd 2:0:0:0: [sda] Assuming drive cache: write through
[    2.641166]  sda: sda1
[    2.643638] e1000 0000:00:08.0 eth1: (PCI:33MHz:32-bit) 08:00:27:7a:9d:28
[    2.643652] sd 2:0:0:0: [sda] Attached SCSI disk
[    2.646409] e1000 0000:00:08.0 eth1: Intel(R) PRO/1000 Network Connection
[    2.651840] e1000 0000:00:08.0 enp0s8: renamed from eth1
[    2.681111] e1000 0000:00:03.0 enp0s3: renamed from eth0
Begin: Loading essential drivers ... [    4.229251] raid6: sse2x1   gen()  8050 MB/s
[    4.276350] raid6: sse2x1   xor() 13558 MB/s
[    4.324130] raid6: sse2x2   gen() 15657 MB/s
[    4.372444] raid6: sse2x2   xor() 17250 MB/s
[    4.420457] raid6: sse2x4   gen() 21828 MB/s
[    4.468184] raid6: sse2x4   xor() 11528 MB/s
[    4.469831] raid6: using algorithm sse2x4 gen() 21828 MB/s
[    4.472251] raid6: .... xor() 11528 MB/s, rmw enabled
[    4.474355] raid6: using ssse3x2 recovery algorithm
[    4.477323] xor: measuring software checksum speed
[    4.516798]    prefetch64-sse: 23356.000 MB/sec
[    4.556150]    generic_sse: 19094.000 MB/sec
[    4.557890] xor: using function: prefetch64-sse (23356.000 MB/sec)
[    4.561582] async_tx: api initialized (async)
done.
Begin: Running /scripts/init-premount ... done.
Begin: Mounting root file system ... Begin: Running /scripts/local-top ... done.
Begin: Running /scripts/local-premount ... [    4.597009] Btrfs loaded, crc32c=crc32c-intel
Scanning for Btrfs filesystems
done.
Warning: fsck not present, so skipping root file system
[    4.643198] EXT4-fs (sda1): mounted filesystem with ordered data mode. Opts: (null)
done.
Begin: Running /scripts/local-bottom ... done.
Begin: Running /scripts/init-bottom ... done.
[    4.966163] ip_tables: (C) 2000-2006 Netfilter Core Team
[    4.994995] systemd[1]: systemd 237 running in system mode. (+PAM +AUDIT +SELINUX +IMA +APPARMOR +SMACK +SYSVINIT +UTMP +LIBCRYPTSETUP +GCRYPT +GNUTLS +ACL +XZ +LZ4 +SECCOMP +BLKID +ELFUTILS +KMOD -IDN2 +IDN -PCRE2 default-hierarchy=hybrid)
[    5.003065] systemd[1]: Detected virtualization oracle.
[    5.005206] systemd[1]: Detected architecture x86-64.

Welcome to [1mUbuntu 18.04.6 LTS[0m!

[    5.024326] systemd[1]: Set hostname to <ubuntu-bionic>.
[    5.441465] systemd[1]: Set up automount Arbitrary Executable File Formats File System Automount Point.
[[0;32m  OK  [0m] Set up automount Arbitrary Executab…rmats File System Automount Point.
[    5.452788] systemd[1]: Created slice User and Session Slice.
[[0;32m  OK  [0m] Created slice User and Session Slice.
[    5.457194] systemd[1]: Reached target User and Group Name Lookups.
[[0;32m  OK  [0m] Reached target User and Group Name Lookups.
[    5.461861] systemd[1]: Created slice System Slice.
[[0;32m  OK  [0m] Created slice System Slice.
[    5.465887] systemd[1]: Listening on Journal Socket.
[[0;32m  OK  [0m] Listening on Journal Socket.
[    5.469765] systemd[1]: Listening on fsck to fsckd communication Socket.
[[0;32m  OK  [0m] Listening on fsck to fsckd communication Socket.
         Starting Uncomplicated firewall...
         Starting Create list of required st…ce nodes for the current kernel...
[[0;32m  OK  [0m] Listening on udev Control Socket.
[[0;32m  OK  [0m] Listening on Journal Audit Socket.
         Mounting POSIX Message Queue File System...
         Mounting Kernel Debug File System...
         Starting Set the console keyboard layout...
[[0;32m  OK  [0m] Reached target Swap.
[[0;32m  OK  [0m] Listening on /dev/initctl Compatibility Named Pipe.
[[0;32m  OK  [0m] Listening on LVM2 poll daemon socket.
[[0;32m  OK  [0m] Reached target System Time Synchronized.
         Starting Load Kernel Modules...
[[0;32m  OK  [0m] Listening on LVM2 metadata daemon socket.
[[0;32m  OK  [0m] Created slice system-serial\x2dgetty.slice.
[[0;32m  OK  [0m] Listening on Device-mapper event daemon FIFOs.
         Starting Monitoring of LVM2 mirrors…ng dmeventd or progress polling...
[[0;32m  OK  [0m] Listening on Syslog Socket.
         Starting File System Check on Root Device...
[[0;32m  OK  [0m] Started Forward Password Requests to Wall Directory Watch.
[[0;32m  OK  [0m] Reached target Slices.
[[0;32m  OK  [0m] Reached target Mounting snaps.
[[0;32m  OK  [0m] Reached target Mounted snaps.
[[0;32m  OK  [0m] Listening on udev Kernel Socket.
         Starting udev Coldplug all Devices...
[[0;32m  OK  [0m] Listening on Network Service Netlink Socket.
[[0;32m  OK  [0m] Listening on Journal Socket (/dev/log).
         Starting Journal Service...
         Mounting Huge Pages File System...
[[0;32m  OK  [0m] Started Uncomplicated firewall.
[[0;32m  OK  [0m] Started Create list of required sta…vice nodes for the current kernel.
[[0;32m  OK  [0m] Mounted POSIX Message Queue File System.
[[0;32m  OK  [0m] Mounted Kernel Debug File System.
[[0;32m  OK  [0m] Mounted Huge Pages File System.
         Starting Create Static Device Nodes in /dev...
[[0;32m  OK  [0m] Started udev Coldplug all Devices.
[[0;32m  OK  [0m] Started File System Check Daemon to report status.
[    5.582303] Loading iSCSI transport class v2.0-870.
[    5.590903] iscsi: registered transport (tcp)
[    5.611006] iscsi: registered transport (iser)
[[0;32m  OK  [0m] Started Load Kernel Modules.
         Mounting FUSE Control File System...
         Starting Apply Kernel Variables...
         Mounting Kernel Configuration File System...
[[0;32m  OK  [0m] Mounted FUSE Control File System.
[[0;32m  OK  [0m] Mounted Kernel Configuration File System.
[[0;32m  OK  [0m] Started Create Static Device Nodes in /dev.
[[0;32m  OK  [0m] Started Journal Service.
[[0;32m  OK  [0m] Started File System Check on Root Device.
         Starting Remount Root and Kernel File Systems...
[[0;32m  OK  [0m] Started LVM2 metadata daemon.
[[0;32m  OK  [0m] Started Apply Kernel Variables.
[[0;32m  OK  [0m] Started Remount Root and Kernel File Systems.
         Starting udev Kernel Device Manager...
         Starting Flush Journal to Persistent Storage...
         Starting Load/Save Random Seed...
[[0;32m  OK  [0m] Started Monitoring of LVM2 mirrors,…sing dmeventd or progress polling.
[[0;32m  OK  [0m] Started Set the console keyboard layout.
[[0;32m  OK  [0m] Reached target Local File Systems (Pre).
[[0;32m  OK  [0m] Reached target Local File Systems.
         Starting AppArmor initialization...
         Starting Set console font and keymap...
         Starting Tell Plymouth To Write Out Runtime Data...
         Starting ebtables ruleset management...
[[0;32m  OK  [0m] Started Load/Save Random Seed.
[[0;32m  OK  [0m] Started udev Kernel Device Manager.
[[0;32m  OK  [0m] Started Dispatch Password Requests to Console Directory Watch.
[[0;32m  OK  [0m] Reached target Local Encrypted Volumes.
[[0;32m  OK  [0m] Started Set console font and keymap.
[[0;32m  OK  [0m] Started Tell Plymouth To Write Out Runtime Data.
[[0;32m  OK  [0m] Found device /dev/ttyS0.
[[0;32m  OK  [0m] Started Flush Journal to Persistent Storage.
         Starting Create Volatile Files and Directories...
[[0;32m  OK  [0m] Started ebtables ruleset management.
[[0;32m  OK  [0m] Started Create Volatile Files and Directories.
         Starting Update UTMP about System Boot/Shutdown...
[[0;32m  OK  [0m] Listening on Load/Save RF Kill Switch Status /dev/rfkill Watch.
[[0;32m  OK  [0m] Started Update UTMP about System Boot/Shutdown.
[[0;32m  OK  [0m] Started AppArmor initialization.
         Starting Load AppArmor profiles managed internally by snapd...
         Starting Initial cloud-init job (pre-networking)...
         Mounting Arbitrary Executable File Formats File System...
[[0;32m  OK  [0m] Mounted Arbitrary Executable File Formats File System.
[[0;32m  OK  [0m] Started Load AppArmor profiles managed internally by snapd.
[    8.385123] cloud-init[577]: Cloud-init v. 23.1.2-0ubuntu0~18.04.1 running 'init-local' at Mon, 31 Jul 2023 01:38:17 +0000. Up 8.20 seconds.
[[0;32m  OK  [0m] Started Initial cloud-init job (pre-networking).
[[0;32m  OK  [0m] Reached target Network (Pre).
         Starting Network Service...
[[0;32m  OK  [0m] Started Network Service.
         Starting Wait for Network to be Configured...
         Starting Network Name Resolution...
[[0;32m  OK  [0m] Started Network Name Resolution.
[[0;32m  OK  [0m] Reached target Network.
[[0;32m  OK  [0m] Reached target Host and Network Name Lookups.
[[0;32m  OK  [0m] Started Wait for Network to be Configured.
         Starting Initial cloud-init job (metadata service crawler)...
[   10.883745] cloud-init[699]: Cloud-init v. 23.1.2-0ubuntu0~18.04.1 running 'init' at Mon, 31 Jul 2023 01:38:20 +0000. Up 10.79 seconds.
[   10.885938] cloud-init[699]: ci-info: ++++++++++++++++++++++++++++++++++++++Net device info+++++++++++++++++++++++++++++++++++++++
[   10.887831] cloud-init[699]: ci-info: +--------+------+-----------------------------+---------------+--------+-------------------+
[   10.889754] cloud-init[699]: ci-info: | Device |  Up  |           Address           |      Mask     | Scope  |     Hw-Address    |
[   10.891739] cloud-init[699]: ci-info: +--------+------+-----------------------------+---------------+--------+-------------------+
[   10.893429] cloud-init[699]: ci-info: | enp0s3 | True |          10.0.2.15          | 255.255.255.0 | global | 02:3b:7b:b7:3b:2d |
[   10.895231] cloud-init[699]: ci-info: | enp0s3 | True |  fe80::3b:7bff:feb7:3b2d/64 |       .       |  link  | 02:3b:7b:b7:3b:2d |
[   10.897256] cloud-init[699]: ci-info: | enp0s8 | True |        192.168.33.10        | 255.255.255.0 | global | 08:00:27:7a:9d:28 |
[   10.898994] cloud-init[699]: ci-info: | enp0s8 | True | fe80::a00:27ff:fe7a:9d28/64 |       .       |  link  | 08:00:27:7a:9d:28 |
[   10.900643] cloud-init[699]: ci-info: |   lo   | True |          127.0.0.1          |   255.0.0.0   |  host  |         .         |
[   10.902327] cloud-init[699]: ci-info: |   lo   | True |           ::1/128           |       .       |  host  |         .         |
[   10.903973] cloud-init[699]: ci-info: +--------+------+-----------------------------+---------------+--------+-------------------+
[   10.905752] cloud-init[699]: ci-info: +++++++++++++++++++++++++++++Route IPv4 info+++++++++++++++++++++++++++++
[   10.907170] cloud-init[699]: ci-info: +-------+--------------+----------+-----------------+-----------+-------+
[   10.908716] cloud-init[699]: ci-info: | Route | Destination  | Gateway  |     Genmask     | Interface | Flags |
[   10.910181] cloud-init[699]: ci-info: +-------+--------------+----------+-----------------+-----------+-------+
[   10.911753] cloud-init[699]: ci-info: |   0   |   0.0.0.0    | 10.0.2.2 |     0.0.0.0     |   enp0s3  |   UG  |
[   10.913302] cloud-init[699]: ci-info: |   1   |   10.0.2.0   | 0.0.0.0  |  255.255.255.0  |   enp0s3  |   U   |
[   10.914628] cloud-init[699]: ci-info: |   2   |   10.0.2.2   | 0.0.0.0  | 255.255.255.255 |   enp0s3  |   UH  |
[   10.916111] cloud-init[699]: ci-info: |   3   | 192.168.33.0 | 0.0.0.0  |  255.255.255.0  |   enp0s8  |   U   |
[   10.917534] cloud-init[699]: ci-info: +-------+--------------+----------+-----------------+-----------+-------+
[   10.919175] cloud-init[699]: ci-info: +++++++++++++++++++Route IPv6 info+++++++++++++++++++
[   10.920445] cloud-init[699]: ci-info: +-------+-------------+---------+-----------+-------+
[   10.921772] cloud-init[699]: ci-info: | Route | Destination | Gateway | Interface | Flags |
[   10.922963] cloud-init[699]: ci-info: +-------+-------------+---------+-----------+-------+
[   10.924241] cloud-init[699]: ci-info: |   1   |  fe80::/64  |    ::   |   enp0s8  |   U   |
[   10.925441] cloud-init[699]: ci-info: |   2   |  fe80::/64  |    ::   |   enp0s3  |   U   |
[   10.926609] cloud-init[699]: ci-info: |   4   |    local    |    ::   |   enp0s3  |   U   |
[   10.927794] cloud-init[699]: ci-info: |   5   |    local    |    ::   |   enp0s8  |   U   |
[   10.929222] cloud-init[699]: ci-info: |   6   |   ff00::/8  |    ::   |   enp0s8  |   U   |
[   10.930330] cloud-init[699]: ci-info: |   7   |   ff00::/8  |    ::   |   enp0s3  |   U   |
[   10.931622] cloud-init[699]: ci-info: +-------+-------------+---------+-----------+-------+
[[0;32m  OK  [0m] Started Initial cloud-init job (metadata service crawler).
[[0;32m  OK  [0m] Reached target Network is Online.
         Starting Availability of block devices...
[[0;32m  OK  [0m] Reached target Remote File Systems (Pre).
         Mounting /vagrant...
         Mounting /configs...
[[0;32m  OK  [0m] Reached target System Initialization.
         Starting LXD - unix socket.
[[0;32m  OK  [0m] Started Discard unused blocks once a week.
[[0;32m  OK  [0m] Started Ubuntu Advantage Timer for running repeated jobs.
[[0;32m  OK  [0m] Listening on Open-iSCSI iscsid Socket.
[[0;32m  OK  [0m] Started ACPI Events Check.
         Starting Docker Socket for the API.
[[0;32m  OK  [0m] Listening on ACPID Listen Socket.
[[0;32m  OK  [0m] Started Daily Cleanup of Temporary Directories.
[[0;32m  OK  [0m] Listening on cloud-init hotplug hook socket.
         Starting Socket activation for snappy daemon.
[[0;32m  OK  [0m] Listening on D-Bus System Message Bus Socket.
[[0;32m  OK  [0m] Started Daily apt download activities.
[[0;32m  OK  [0m] Started Message of the Day.
[[0;32m  OK  [0m] Reached target Paths.
[[0;32m  OK  [0m] Listening on UUID daemon activation socket.
[[0;32m  OK  [0m] Started Daily apt upgrade and clean activities.
[[0;32m  OK  [0m] Reached target Timers.
[[0;32m  OK  [0m] Reached target Cloud-config availability.
[[0;32m  OK  [0m] Started Availability of block devices.
[[0;32m  OK  [0m] Mounted /vagrant.
[[0;32m  OK  [0m] Mounted /configs.
[[0;32m  OK  [0m] Listening on LXD - unix socket.
[[0;32m  OK  [0m] Listening on Docker Socket for the API.
[[0;32m  OK  [0m] Listening on Socket activation for snappy daemon.
[[0;32m  OK  [0m] Reached target Sockets.
[[0;32m  OK  [0m] Reached target Basic System.
         Starting MySQL Community Server...
[[0;32m  OK  [0m] Started Deferred execution scheduler.
         Starting Accounts Service...
[[0;32m  OK  [0m] Started D-Bus System Message Bus.
         Starting LSB: Record successful boot for GRUB...
         Starting Dispatcher daemon for systemd-networkd...
[[0;32m  OK  [0m] Started Regular background program processing daemon.
         Starting OpenBSD Secure Shell server...
         Starting System Logging Service...
[[0;32m  OK  [0m] Started FUSE filesystem for LXC.
         Starting Virtualbox guest utils...
         Starting containerd container runtime...
         Starting Login Service...
[[0;32m  OK  [0m] Reached target Login Prompts (Pre).
         Starting Jenkins Continuous Integration Server...
         Starting Snap Daemon...
[[0;32m  OK  [0m] Started irqbalance daemon.
         Starting LXD - container startup/shutdown...
[[0;32m  OK  [0m] Reached target Remote File Systems.
         Starting Permit User Sessions...
         Starting LSB: automatic crash report generation...
         Starting LSB: Linux init script for swapspace...
[[0;32m  OK  [0m] Started System Logging Service.
[[0;32m  OK  [0m] Started Permit User Sessions.
[[0;32m  OK  [0m] Started Login Service.
[[0;32m  OK  [0m] Started Unattended Upgrades Shutdown.
         Starting Terminate Plymouth Boot Screen...
         Starting Hold until boot process finishes up...
         Starting Authorization Manager...
[[0;32m  OK  [0m] Started Hold until boot process finishes up.
[[0;32m  OK  [0m] Started Serial Getty on ttyS0.
         Starting Set console scheme...
[[0;32m  OK  [0m] Started LSB: Linux init script for swapspace.
[[0;32m  OK  [0m] Started Terminate Plymouth Boot Screen.
[[0;32m  OK  [0m] Started Authorization Manager.
[[0;32m  OK  [0m] Started Accounts Service.
[[0;32m  OK  [0m] Started Set console scheme.
[[0;32m  OK  [0m] Created slice system-getty.slice.
[[0;32m  OK  [0m] Started Getty on tty1.
[[0;32m  OK  [0m] Reached target Login Prompts.
[[0;32m  OK  [0m] Started Virtualbox guest utils.
[[0;32m  OK  [0m] Started OpenBSD Secure Shell server.
[[0;32m  OK  [0m] Started LSB: Record successful boot for GRUB.
[[0;32m  OK  [0m] Started LSB: automatic crash report generation.
[[0;32m  OK  [0m] Created slice User Slice of vagrant.
[[0;32m  OK  [0m] Started LXD - container startup/shutdown.
         Starting User Manager for UID 1000...
[[0;32m  OK  [0m] Started Session 1 of user vagrant.
[[0;32m  OK  [0m] Started Dispatcher daemon for systemd-networkd.
[[0;32m  OK  [0m] Started User Manager for UID 1000.
[[0;32m  OK  [0m] Started containerd container runtime.
         Starting Docker Application Container Engine...
[[0;32m  OK  [0m] Started Snap Daemon.
         Starting Wait until snapd is fully seeded...
         Starting Time & Date Service...
[[0;32m  OK  [0m] Started Time & Date Service.
[[0;32m  OK  [0m] Started Wait until snapd is fully seeded.
         Starting Apply the settings specified in cloud-config...
[   16.888817] cloud-init[1430]: Cloud-init v. 23.1.2-0ubuntu0~18.04.1 running 'modules:config' at Mon, 31 Jul 2023 01:38:26 +0000. Up 16.67 seconds.

Ubuntu 18.04.6 LTS ubuntu-bionic ttyS0

ubuntu-bionic login: [   28.948532] cloud-init[2239]: Cloud-init v. 23.1.2-0ubuntu0~18.04.1 running 'modules:final' at Mon, 31 Jul 2023 01:38:38 +0000. Up 28.86 seconds.
[   28.948661] cloud-init[2239]: Cloud-init v. 23.1.2-0ubuntu0~18.04.1 finished at Mon, 31 Jul 2023 01:38:38 +0000. Datasource DataSourceNoCloud [seed=/dev/sdb][dsmode=net].  Up 28.94 seconds
